<?xml version="1.0" encoding="UTF-8"?>
<testsuite name="study.data_jpa.repository.MemberRepositoryTest" tests="1" skipped="0" failures="0" errors="0" timestamp="2025-03-08T14:19:58" hostname="DESKTOP-KHVUM6V" time="0.539">
  <properties/>
  <testcase name="testMember()" classname="study.data_jpa.repository.MemberRepositoryTest" time="0.539"/>
  <system-out><![CDATA[23:19:55.453 [Test worker] INFO org.springframework.test.context.support.AnnotationConfigContextLoaderUtils -- Could not detect default configuration classes for test class [study.data_jpa.repository.MemberRepositoryTest]: MemberRepositoryTest does not declare any static, non-private, non-final, nested classes annotated with @Configuration.
23:19:55.582 [Test worker] INFO org.springframework.boot.test.context.SpringBootTestContextBootstrapper -- Found @SpringBootConfiguration study.data_jpa.DataJpaApplication for test class study.data_jpa.repository.MemberRepositoryTest

  .   ____          _            __ _ _
 /\\ / ___'_ __ _ _(_)_ __  __ _ \ \ \ \
( ( )\___ | '_ | '_| | '_ \/ _` | \ \ \ \
 \\/  ___)| |_)| | | | | || (_| |  ) ) ) )
  '  |____| .__|_| |_|_| |_\__, | / / / /
 =========|_|==============|___/=/_/_/_/

 :: Spring Boot ::                (v3.4.3)

2025-03-08T23:19:56.029+09:00  INFO 5916 --- [    Test worker] s.d.repository.MemberRepositoryTest      : Starting MemberRepositoryTest using Java 17.0.4.1 with PID 5916 (started by hosiw in D:\github\inflearnYounghanStudyRecords\data-jpa)
2025-03-08T23:19:56.031+09:00  INFO 5916 --- [    Test worker] s.d.repository.MemberRepositoryTest      : No active profile set, falling back to 1 default profile: "default"
2025-03-08T23:19:56.534+09:00  INFO 5916 --- [    Test worker] .s.d.r.c.RepositoryConfigurationDelegate : Bootstrapping Spring Data JPA repositories in DEFAULT mode.
2025-03-08T23:19:56.592+09:00  INFO 5916 --- [    Test worker] .s.d.r.c.RepositoryConfigurationDelegate : Finished Spring Data repository scanning in 48 ms. Found 1 JPA repository interface.
2025-03-08T23:19:56.983+09:00  INFO 5916 --- [    Test worker] o.hibernate.jpa.internal.util.LogHelper  : HHH000204: Processing PersistenceUnitInfo [name: default]
2025-03-08T23:19:57.045+09:00  INFO 5916 --- [    Test worker] org.hibernate.Version                    : HHH000412: Hibernate ORM core version 6.6.8.Final
2025-03-08T23:19:57.082+09:00  INFO 5916 --- [    Test worker] o.h.c.internal.RegionFactoryInitiator    : HHH000026: Second-level cache disabled
2025-03-08T23:19:57.347+09:00  INFO 5916 --- [    Test worker] o.s.o.j.p.SpringPersistenceUnitInfo      : No LoadTimeWeaver setup: ignoring JPA class transformer
2025-03-08T23:19:57.377+09:00  INFO 5916 --- [    Test worker] com.zaxxer.hikari.HikariDataSource       : HikariPool-1 - Starting...
2025-03-08T23:19:57.438+09:00  INFO 5916 --- [    Test worker] com.zaxxer.hikari.pool.HikariPool        : HikariPool-1 - Added connection conn0: url=jdbc:h2:tcp://localhost/~/datajpa user=SA
2025-03-08T23:19:57.439+09:00  INFO 5916 --- [    Test worker] com.zaxxer.hikari.HikariDataSource       : HikariPool-1 - Start completed.
2025-03-08T23:19:57.496+09:00  INFO 5916 --- [    Test worker] org.hibernate.orm.connections.pooling    : HHH10001005: Database info:
	Database JDBC URL [Connecting through datasource 'HikariDataSource (HikariPool-1)']
	Database driver: undefined/unknown
	Database version: 2.3.232
	Autocommit mode: undefined/unknown
	Isolation level: undefined/unknown
	Minimum pool size: undefined/unknown
	Maximum pool size: undefined/unknown
2025-03-08T23:19:58.109+09:00 DEBUG 5916 --- [    Test worker] org.hibernate.SQL                        : 
    create global temporary table HTE_member(rn_ integer not null, id bigint, username varchar(255), primary key (rn_)) TRANSACTIONAL
2025-03-08T23:19:58.216+09:00  INFO 5916 --- [    Test worker] o.h.e.t.j.p.i.JtaPlatformInitiator       : HHH000489: No JTA platform available (set 'hibernate.transaction.jta.platform' to enable JTA platform integration)
2025-03-08T23:19:58.227+09:00 DEBUG 5916 --- [    Test worker] org.hibernate.SQL                        : 
    drop table if exists member cascade 
2025-03-08T23:19:58.229+09:00 DEBUG 5916 --- [    Test worker] org.hibernate.SQL                        : 
    drop sequence if exists member_seq
2025-03-08T23:19:58.233+09:00 DEBUG 5916 --- [    Test worker] org.hibernate.SQL                        : 
    create sequence member_seq start with 1 increment by 50
2025-03-08T23:19:58.236+09:00 DEBUG 5916 --- [    Test worker] org.hibernate.SQL                        : 
    create table member (
        id bigint not null,
        username varchar(255),
        primary key (id)
    )
2025-03-08T23:19:58.239+09:00  INFO 5916 --- [    Test worker] j.LocalContainerEntityManagerFactoryBean : Initialized JPA EntityManagerFactory for persistence unit 'default'
2025-03-08T23:19:58.389+09:00  WARN 5916 --- [    Test worker] JpaBaseConfiguration$JpaWebConfiguration : spring.jpa.open-in-view is enabled by default. Therefore, database queries may be performed during view rendering. Explicitly configure spring.jpa.open-in-view to disable this warning
2025-03-08T23:19:58.904+09:00  INFO 5916 --- [    Test worker] s.d.repository.MemberRepositoryTest      : Started MemberRepositoryTest in 3.154 seconds (process running for 4.395)
2025-03-08T23:19:59.360+09:00 DEBUG 5916 --- [    Test worker] org.hibernate.SQL                        : 
    select
        next value for member_seq
2025-03-08T23:19:59.448+09:00 DEBUG 5916 --- [    Test worker] org.hibernate.SQL                        : 
    insert 
    into
        member
        (username, id) 
    values
        (?, ?)
]]></system-out>
  <system-err><![CDATA[]]></system-err>
</testsuite>
